TypeError: 执行命令 CreateTemplateFilesCommand 出错: Cannot read property 'matches' of undefined
    at C:\Users\mhisf\.vscode\extensions\qiu8310.dot-template-vscode-0.0.7\node_modules\dot-template-core\out\core\file\Source.js:80:42
    at Array.find (native)
    at Source.findMatchedUserTemplate (C:\Users\mhisf\.vscode\extensions\qiu8310.dot-template-vscode-0.0.7\node_modules\dot-template-core\out\core\file\Source.js:79:33)
    at Source.match (C:\Users\mhisf\.vscode\extensions\qiu8310.dot-template-vscode-0.0.7\node_modules\dot-template-core\out\core\file\Source.js:58:45)
    at CreateTemplateFilesCommand.<anonymous> (C:\Users\mhisf\.vscode\extensions\qiu8310.dot-template-vscode-0.0.7\node_modules\dot-template-core\out\core\commands\CreateTemplateFilesCommand.js:55:55)
    at step (C:\Users\mhisf\.vscode\extensions\qiu8310.dot-template-vscode-0.0.7\node_modules\tslib\tslib.js:133:27)
    at Object.next (C:\Users\mhisf\.vscode\extensions\qiu8310.dot-template-vscode-0.0.7\node_modules\tslib\tslib.js:114:57)
    at C:\Users\mhisf\.vscode\extensions\qiu8310.dot-template-vscode-0.0.7\node_modules\tslib\tslib.js:107:75
    at Promise (<anonymous>)
    at Object.__awaiter (C:\Users\mhisf\.vscode\extensions\qiu8310.dot-template-vscode-0.0.7\node_modules\tslib\tslib.js:103:16)
    at C:\Users\mhisf\.vscode\extensions\qiu8310.dot-template-vscode-0.0.7\node_modules\dot-template-core\out\core\commands\CreateTemplateFilesCommand.js:48:107
    at Object.<anonymous> (C:\Users\mhisf\.vscode\extensions\qiu8310.dot-template-vscode-0.0.7\node_modules\dot-template-core\out\common\helper.js:44:58)
    at step (C:\Users\mhisf\.vscode\extensions\qiu8310.dot-template-vscode-0.0.7\node_modules\tslib\tslib.js:133:27)
    at Object.next (C:\Users\mhisf\.vscode\extensions\qiu8310.dot-template-vscode-0.0.7\node_modules\tslib\tslib.js:114:57)
    at C:\Users\mhisf\.vscode\extensions\qiu8310.dot-template-vscode-0.0.7\node_modules\tslib\tslib.js:107:75
    at Promise (<anonymous>)
    at Object.__awaiter (C:\Users\mhisf\.vscode\extensions\qiu8310.dot-template-vscode-0.0.7\node_modules\tslib\tslib.js:103:16)
    at C:\Users\mhisf\.vscode\extensions\qiu8310.dot-template-vscode-0.0.7\node_modules\dot-template-core\out\common\helper.js:42:53
    at Object.<anonymous> (C:\Users\mhisf\.vscode\extensions\qiu8310.dot-template-vscode-0.0.7\node_modules\dot-template-core\out\common\helper.js:49:42)
    at step (C:\Users\mhisf\.vscode\extensions\qiu8310.dot-template-vscode-0.0.7\node_modules\tslib\tslib.js:133:27)
    at Object.next (C:\Users\mhisf\.vscode\extensions\qiu8310.dot-template-vscode-0.0.7\node_modules\tslib\tslib.js:114:57)
    at C:\Users\mhisf\.vscode\extensions\qiu8310.dot-template-vscode-0.0.7\node_modules\tslib\tslib.js:107:75
    at Promise (<anonymous>)
    at Object.__awaiter (C:\Users\mhisf\.vscode\extensions\qiu8310.dot-template-vscode-0.0.7\node_modules\tslib\tslib.js:103:16)
    at Object.series (C:\Users\mhisf\.vscode\extensions\qiu8310.dot-template-vscode-0.0.7\node_modules\dot-template-core\out\common\helper.js:18:20)
    at CreateTemplateFilesCommand.<anonymous> (C:\Users\mhisf\.vscode\extensions\qiu8310.dot-template-vscode-0.0.7\node_modules\dot-template-core\out\core\commands\CreateTemplateFilesCommand.js:48:55)
    at step (C:\Users\mhisf\.vscode\extensions\qiu8310.dot-template-vscode-0.0.7\node_modules\tslib\tslib.js:133:27)
    at Object.next (C:\Users\mhisf\.vscode\extensions\qiu8310.dot-template-vscode-0.0.7\node_modules\tslib\tslib.js:114:57)
    at C:\Users\mhisf\.vscode\extensions\qiu8310.dot-template-vscode-0.0.7\node_modules\tslib\tslib.js:107:75
    at Promise (<anonymous>)
    at Object.__awaiter (C:\Users\mhisf\.vscode\extensions\qiu8310.dot-template-vscode-0.0.7\node_modules\tslib\tslib.js:103:16)
    at CreateTemplateFilesCommand.execute (C:\Users\mhisf\.vscode\extensions\qiu8310.dot-template-vscode-0.0.7\node_modules\dot-template-core\out\core\commands\CreateTemplateFilesCommand.js:40:24)
    at CreateTemplateFilesCommand.<anonymous> (C:\Users\mhisf\.vscode\extensions\qiu8310.dot-template-vscode-0.0.7\node_modules\dot-template-core\out\core\commands\Command.js:190:51)
    at step (C:\Users\mhisf\.vscode\extensions\qiu8310.dot-template-vscode-0.0.7\node_modules\tslib\tslib.js:133:27)
    at Object.next (C:\Users\mhisf\.vscode\extensions\qiu8310.dot-template-vscode-0.0.7\node_modules\tslib\tslib.js:114:57)
    at C:\Users\mhisf\.vscode\extensions\qiu8310.dot-template-vscode-0.0.7\node_modules\tslib\tslib.js:107:75
    at Promise (<anonymous>)
    at Object.__awaiter (C:\Users\mhisf\.vscode\extensions\qiu8310.dot-template-vscode-0.0.7\node_modules\tslib\tslib.js:103:16)
    at CreateTemplateFilesCommand.Command.run (C:\Users\mhisf\.vscode\extensions\qiu8310.dot-template-vscode-0.0.7\node_modules\dot-template-core\out\core\commands\Command.js:179:24)
    at Commander.<anonymous> (C:\Users\mhisf\.vscode\extensions\qiu8310.dot-template-vscode-0.0.7\node_modules\dot-template-core\out\core\Commander.js:43:54)
    at step (C:\Users\mhisf\.vscode\extensions\qiu8310.dot-template-vscode-0.0.7\node_modules\tslib\tslib.js:133:27)
    at Object.next (C:\Users\mhisf\.vscode\extensions\qiu8310.dot-template-vscode-0.0.7\node_modules\tslib\tslib.js:114:57)
    at C:\Users\mhisf\.vscode\extensions\qiu8310.dot-template-vscode-0.0.7\node_modules\tslib\tslib.js:107:75
    at Promise (<anonymous>)
    at Object.__awaiter (C:\Users\mhisf\.vscode\extensions\qiu8310.dot-template-vscode-0.0.7\node_modules\tslib\tslib.js:103:16)
    at Commander.runCommand (C:\Users\mhisf\.vscode\extensions\qiu8310.dot-template-vscode-0.0.7\node_modules\dot-template-core\out\core\Commander.js:24:24)
    at Commander.<anonymous> (C:\Users\mhisf\.vscode\extensions\qiu8310.dot-template-vscode-0.0.7\node_modules\dot-template-core\out\core\Commander.js:99:51)
    at step (C:\Users\mhisf\.vscode\extensions\qiu8310.dot-template-vscode-0.0.7\node_modules\tslib\tslib.js:133:27)
    at Object.next (C:\Users\mhisf\.vscode\extensions\qiu8310.dot-template-vscode-0.0.7\node_modules\tslib\tslib.js:114:57)
    at C:\Users\mhisf\.vscode\extensions\qiu8310.dot-template-vscode-0.0.7\node_modules\tslib\tslib.js:107:75
    at Promise (<anonymous>)
    at Object.__awaiter (C:\Users\mhisf\.vscode\extensions\qiu8310.dot-template-vscode-0.0.7\node_modules\tslib\tslib.js:103:16)
    at Commander.add (C:\Users\mhisf\.vscode\extensions\qiu8310.dot-template-vscode-0.0.7\node_modules\dot-template-core\out\core\Commander.js:92:24)
    at C:\Users\mhisf\.vscode\extensions\qiu8310.dot-template-vscode-0.0.7\node_modules\dot-template-core\out\core\Commander.js:160:76
    at Commander.<anonymous> (C:\Users\mhisf\.vscode\extensions\qiu8310.dot-template-vscode-0.0.7\node_modules\dot-template-core\out\core\Commander.js:129:46)
    at step (C:\Users\mhisf\.vscode\extensions\qiu8310.dot-template-vscode-0.0.7\node_modules\tslib\tslib.js:133:27)
    at Object.next (C:\Users\mhisf\.vscode\extensions\qiu8310.dot-template-vscode-0.0.7\node_modules\tslib\tslib.js:114:57)
    at C:\Users\mhisf\.vscode\extensions\qiu8310.dot-template-vscode-0.0.7\node_modules\tslib\tslib.js:107:75
    at Promise (<anonymous>)
    at Object.__awaiter (C:\Users\mhisf\.vscode\extensions\qiu8310.dot-template-vscode-0.0.7\node_modules\tslib\tslib.js:103:16)
    at Commander.wrap (C:\Users\mhisf\.vscode\extensions\qiu8310.dot-template-vscode-0.0.7\node_modules\dot-template-core\out\core\Commander.js:123:24)
    at Commander.<anonymous> (C:\Users\mhisf\.vscode\extensions\qiu8310.dot-template-vscode-0.0.7\node_modules\dot-template-core\out\core\Commander.js:160:44)
    at step (C:\Users\mhisf\.vscode\extensions\qiu8310.dot-template-vscode-0.0.7\node_modules\tslib\tslib.js:133:27)
    at Object.next (C:\Users\mhisf\.vscode\extensions\qiu8310.dot-template-vscode-0.0.7\node_modules\tslib\tslib.js:114:57)
    at C:\Users\mhisf\.vscode\extensions\qiu8310.dot-template-vscode-0.0.7\node_modules\tslib\tslib.js:107:75
    at Promise (<anonymous>)
    at Object.__awaiter (C:\Users\mhisf\.vscode\extensions\qiu8310.dot-template-vscode-0.0.7\node_modules\tslib\tslib.js:103:16)
    at Commander.addCreateTemplateFilesCommand (C:\Users\mhisf\.vscode\extensions\qiu8310.dot-template-vscode-0.0.7\node_modules\dot-template-core\out\core\Commander.js:157:24)
    at Application.<anonymous> (C:\Users\mhisf\.vscode\extensions\qiu8310.dot-template-vscode-0.0.7\node_modules\dot-template-core\out\core\Application.js:49:61)
    at step (C:\Users\mhisf\.vscode\extensions\qiu8310.dot-template-vscode-0.0.7\node_modules\tslib\tslib.js:133:27)
    at Object.next (C:\Users\mhisf\.vscode\extensions\qiu8310.dot-template-vscode-0.0.7\node_modules\tslib\tslib.js:114:57)
    at C:\Users\mhisf\.vscode\extensions\qiu8310.dot-template-vscode-0.0.7\node_modules\tslib\tslib.js:107:75
    at Promise (<anonymous>)
    at Object.__awaiter (C:\Users\mhisf\.vscode\extensions\qiu8310.dot-template-vscode-0.0.7\node_modules\tslib\tslib.js:103:16)
    at Application.createTemplateFiles (C:\Users\mhisf\.vscode\extensions\qiu8310.dot-template-vscode-0.0.7\node_modules\dot-template-core\out\core\Application.js:47:28)
    at Application.<anonymous> (C:\Users\mhisf\.vscode\extensions\qiu8310.dot-template-vscode-0.0.7\node_modules\dot-template-core\out\core\Application.js:109:51)
    at step (C:\Users\mhisf\.vscode\extensions\qiu8310.dot-template-vscode-0.0.7\node_modules\tslib\tslib.js:133:27)
    at Object.next (C:\Users\mhisf\.vscode\extensions\qiu8310.dot-template-vscode-0.0.7\node_modules\tslib\tslib.js:114:57)
    at C:\Users\mhisf\.vscode\extensions\qiu8310.dot-template-vscode-0.0.7\node_modules\tslib\tslib.js:107:75
    at Promise (<anonymous>)
    at Object.__awaiter (C:\Users\mhisf\.vscode\extensions\qiu8310.dot-template-vscode-0.0.7\node_modules\tslib\tslib.js:103:16)
    at run (C:\Users\mhisf\.vscode\extensions\qiu8310.dot-template-vscode-0.0.7\node_modules\dot-template-core\out\core\Application.js:84:48)
    at Application.<anonymous> (C:\Users\mhisf\.vscode\extensions\qiu8310.dot-template-vscode-0.0.7\node_modules\dot-template-core\out\core\Application.js:153:50)
    at step (C:\Users\mhisf\.vscode\extensions\qiu8310.dot-template-vscode-0.0.7\node_modules\tslib\tslib.js:133:27)
    at Object.next (C:\Users\mhisf\.vscode\extensions\qiu8310.dot-template-vscode-0.0.7\node_modules\tslib\tslib.js:114:57)
    at C:\Users\mhisf\.vscode\extensions\qiu8310.dot-template-vscode-0.0.7\node_modules\tslib\tslib.js:107:75
    at Promise (<anonymous>)
    at Object.__awaiter (C:\Users\mhisf\.vscode\extensions\qiu8310.dot-template-vscode-0.0.7\node_modules\tslib\tslib.js:103:16)
    at Timeout._onTimeout (C:\Users\mhisf\.vscode\extensions\qiu8310.dot-template-vscode-0.0.7\node_modules\dot-template-core\out\core\Application.js:144:59)
    at ontimeout (timers.js:386:14)
    at tryOnTimeout (timers.js:250:5)
    at Timer.listOnTimeout (timers.js:214:5)